Namespace(seed=1, dataset='ogbl-ddi', emb_dir='saved_model', model='line', logdir='log')
{'model_name': 'LINE', 'graph': None, 'log_path': 'ogbl-ddi/log/LINE', 'device': device(type='cuda'), 'seed': 1, 'walk_length': 10, 'num_walks': 4000, 'batch_size': 128, 'need_1st': True, 'need_2nd': True, 'negative': 3, 'neg_weight': 1.0, 'lap_norm': 0.01, 'fast_neg': True, 'embed_size': 128, 'window_size': 5, 'learning_rate': 0.025, 'iter': 5, 'workers': 3, 'sg': 1, 'hs': 1, 'min_count': 0}
======================Start Train Model [Sat Dec 23 17:06:02 2023]======================
======================Finish Train Model [Sat Dec 23 17:06:05 2023]======================
python src/evaluate.py --model line --runs 5 --epochs 100
All runs:
Highest Train: 10.59 ± 1.05
Highest Valid: 9.67 ± 0.97
  Final Train: 10.59 ± 1.05
   Final Test: 4.77 ± 1.19
Hits@20
All runs:
Highest Train: 14.12 ± 1.06
Highest Valid: 12.99 ± 0.98
  Final Train: 14.12 ± 1.06
   Final Test: 6.69 ± 1.03
Hits@30
All runs:
Highest Train: 16.58 ± 1.07
Highest Valid: 15.24 ± 1.10
  Final Train: 16.58 ± 1.06
   Final Test: 8.48 ± 1.55
Namespace(seed=1, dataset='ogbn-arxiv', emb_dir='saved_model', model='line', logdir='log')
{'model_name': 'LINE', 'graph': None, 'log_path': 'ogbn-arxiv/log/LINE', 'device': device(type='cuda'), 'seed': 1, 'walk_length': 10, 'num_walks': 400, 'batch_size': 128, 'need_1st': True, 'need_2nd': True, 'negative': 3, 'neg_weight': 1.0, 'fast_neg': True, 'embed_size': 128, 'learning_rate': 0.025, 'workers': 3}
======================Start Train Model [Sun Dec 24 20:12:07 2023]======================
======================Finish Train Model [Sun Dec 24 20:24:16 2023]======================
